Flow report for top_ADCinterface
Sun Sep  6 18:11:01 2015
Quartus II 64-Bit Version 15.0.0 Build 145 04/22/2015 SJ Web Edition


---------------------
; Table of Contents ;
---------------------
  1. Legal Notice
  2. Flow Summary
  3. Flow Settings
  4. Flow Non-Default Global Settings
  5. Flow Elapsed Time
  6. Flow OS Summary
  7. Flow Log
  8. Flow Messages
  9. Flow Suppressed Messages



----------------
; Legal Notice ;
----------------
Copyright (C) 1991-2015 Altera Corporation. All rights reserved.
Your use of Altera Corporation's design tools, logic functions 
and other software and tools, and its AMPP partner logic 
functions, and any output files from any of the foregoing 
(including device programming or simulation files), and any 
associated documentation or information are expressly subject 
to the terms and conditions of the Altera Program License 
Subscription Agreement, the Altera Quartus II License Agreement,
the Altera MegaCore Function License Agreement, or other 
applicable license agreement, including, without limitation, 
that your use is for the sole purpose of programming logic 
devices manufactured by Altera and sold by Altera or its 
authorized distributors.  Please refer to the applicable 
agreement for further details.



+----------------------------------------------------------------------------------------+
; Flow Summary                                                                           ;
+---------------------------------+------------------------------------------------------+
; Flow Status                     ; EDA Netlist Writer Failed - Sun Sep  6 18:11:01 2015 ;
; Quartus II 64-Bit Version       ; 15.0.0 Build 145 04/22/2015 SJ Web Edition           ;
; Revision Name                   ; top_ADCinterface                                     ;
; Top-level Entity Name           ; top_ADCinterface                                     ;
; Family                          ; Cyclone V                                            ;
; Device                          ; 5CEFA2F23C8                                          ;
; Timing Models                   ; Final                                                ;
; Logic utilization (in ALMs)     ; 3,867 / 9,430 ( 41 % )                               ;
; Total registers                 ; 7591                                                 ;
; Total pins                      ; 53 / 224 ( 24 % )                                    ;
; Total virtual pins              ; 0                                                    ;
; Total block memory bits         ; 311,808 / 1,802,240 ( 17 % )                         ;
; Total DSP Blocks                ; 5 / 25 ( 20 % )                                      ;
; Total HSSI RX PCSs              ; 0                                                    ;
; Total HSSI PMA RX Deserializers ; 0                                                    ;
; Total HSSI TX PCSs              ; 0                                                    ;
; Total HSSI PMA TX Serializers   ; 0                                                    ;
; Total PLLs                      ; 0 / 4 ( 0 % )                                        ;
; Total DLLs                      ; 0 / 4 ( 0 % )                                        ;
+---------------------------------+------------------------------------------------------+


+-----------------------------------------+
; Flow Settings                           ;
+-------------------+---------------------+
; Option            ; Setting             ;
+-------------------+---------------------+
; Start date & time ; 09/06/2015 18:05:09 ;
; Main task         ; Compilation         ;
; Revision Name     ; top_ADCinterface    ;
+-------------------+---------------------+


+-------------------------------------------------------------------------------------------------------------------------------------------------------------------------------------------------------+
; Flow Non-Default Global Settings                                                                                                                                                                      ;
+-------------------------------------+----------------------------------------------------------------------------------------------------------+---------------+-------------------+------------------+
; Assignment Name                     ; Value                                                                                                    ; Default Value ; Entity Name       ; Section Id       ;
+-------------------------------------+----------------------------------------------------------------------------------------------------------+---------------+-------------------+------------------+
; COMPILER_SIGNATURE_ID               ; 165027876618.144158790931236                                                                             ; --            ; --                ; --               ;
; EDA_OUTPUT_DATA_FORMAT              ; Verilog Hdl                                                                                              ; --            ; --                ; eda_simulation   ;
; EDA_SIMULATION_TOOL                 ; ModelSim-Altera (Verilog)                                                                                ; <None>        ; --                ; --               ;
; ENABLE_SIGNALTAP                    ; On                                                                                                       ; --            ; --                ; --               ;
; MAX_CORE_JUNCTION_TEMP              ; 85                                                                                                       ; --            ; --                ; --               ;
; MIN_CORE_JUNCTION_TEMP              ; 0                                                                                                        ; --            ; --                ; --               ;
; MISC_FILE                           ; IP/LO/synthesis/../LO.cmp                                                                                ; --            ; --                ; --               ;
; MISC_FILE                           ; IP/LO/synthesis/../../LO.qsys                                                                            ; --            ; --                ; --               ;
; MISC_FILE                           ; ADCinterface_qsys/synthesis/../ADCinterface_qsys.cmp                                                     ; --            ; --                ; --               ;
; MISC_FILE                           ; ADCinterface_qsys/synthesis/../../ADCinterface_qsys.qsys                                                 ; --            ; --                ; --               ;
; MISC_FILE                           ; IP/ADCstream.bsf                                                                                         ; --            ; --                ; --               ;
; MISC_FILE                           ; IP/ADCstream_inst.v                                                                                      ; --            ; --                ; --               ;
; MISC_FILE                           ; IP/ADCstream_bb.v                                                                                        ; --            ; --                ; --               ;
; MISC_FILE                           ; IP/ADCstream.inc                                                                                         ; --            ; --                ; --               ;
; MISC_FILE                           ; IP/ADCstream.cmp                                                                                         ; --            ; --                ; --               ;
; MISC_FILE                           ; IP/ADCstream.ppf                                                                                         ; --            ; --                ; --               ;
; PARTITION_COLOR                     ; 16764057                                                                                                 ; --            ; --                ; Top              ;
; PARTITION_FITTER_PRESERVATION_LEVEL ; PLACEMENT_AND_ROUTING                                                                                    ; --            ; --                ; Top              ;
; PARTITION_NETLIST_TYPE              ; SOURCE                                                                                                   ; --            ; --                ; Top              ;
; POWER_BOARD_THERMAL_MODEL           ; None (CONSERVATIVE)                                                                                      ; --            ; --                ; --               ;
; POWER_PRESET_COOLING_SOLUTION       ; 23 MM HEAT SINK WITH 200 LFPM AIRFLOW                                                                    ; --            ; --                ; --               ;
; PROJECT_OUTPUT_DIRECTORY            ; output_files                                                                                             ; --            ; --                ; --               ;
; SLD_FILE                            ; IP/LO/synthesis/LO.debuginfo                                                                             ; --            ; --                ; --               ;
; SLD_FILE                            ; ADCinterface_qsys/synthesis/ADCinterface_qsys.debuginfo                                                  ; --            ; --                ; --               ;
; SLD_FILE                            ; db/ADCinterface_auto_stripped.stp                                                                        ; --            ; --                ; --               ;
; SLD_INFO                            ; QSYS_NAME ADCinterface_qsys HAS_SOPCINFO 1 GENERATION_ID 1439430298                                      ; --            ; ADCinterface_qsys ; --               ;
; SLD_INFO                            ; QSYS_NAME LO HAS_SOPCINFO 1 GENERATION_ID 1439870642                                                     ; --            ; LO                ; --               ;
; SLD_NODE_CREATOR_ID                 ; 110                                                                                                      ; --            ; --                ; auto_signaltap_0 ;
; SLD_NODE_ENTITY_NAME                ; sld_signaltap                                                                                            ; --            ; --                ; auto_signaltap_0 ;
; SLD_NODE_PARAMETER_ASSIGNMENT       ; SLD_RAM_BLOCK_TYPE=AUTO                                                                                  ; --            ; --                ; auto_signaltap_0 ;
; SLD_NODE_PARAMETER_ASSIGNMENT       ; SLD_NODE_INFO=805334528                                                                                  ; --            ; --                ; auto_signaltap_0 ;
; SLD_NODE_PARAMETER_ASSIGNMENT       ; SLD_POWER_UP_TRIGGER=0                                                                                   ; --            ; --                ; auto_signaltap_0 ;
; SLD_NODE_PARAMETER_ASSIGNMENT       ; SLD_STORAGE_QUALIFIER_INVERSION_MASK_LENGTH=0                                                            ; --            ; --                ; auto_signaltap_0 ;
; SLD_NODE_PARAMETER_ASSIGNMENT       ; SLD_ATTRIBUTE_MEM_MODE=OFF                                                                               ; --            ; --                ; auto_signaltap_0 ;
; SLD_NODE_PARAMETER_ASSIGNMENT       ; SLD_STATE_FLOW_USE_GENERATED=0                                                                           ; --            ; --                ; auto_signaltap_0 ;
; SLD_NODE_PARAMETER_ASSIGNMENT       ; SLD_STATE_BITS=11                                                                                        ; --            ; --                ; auto_signaltap_0 ;
; SLD_NODE_PARAMETER_ASSIGNMENT       ; SLD_BUFFER_FULL_STOP=1                                                                                   ; --            ; --                ; auto_signaltap_0 ;
; SLD_NODE_PARAMETER_ASSIGNMENT       ; SLD_CURRENT_RESOURCE_WIDTH=1                                                                             ; --            ; --                ; auto_signaltap_0 ;
; SLD_NODE_PARAMETER_ASSIGNMENT       ; SLD_INCREMENTAL_ROUTING=1                                                                                ; --            ; --                ; auto_signaltap_0 ;
; SLD_NODE_PARAMETER_ASSIGNMENT       ; SLD_TRIGGER_LEVEL=1                                                                                      ; --            ; --                ; auto_signaltap_0 ;
; SLD_NODE_PARAMETER_ASSIGNMENT       ; SLD_TRIGGER_IN_ENABLED=0                                                                                 ; --            ; --                ; auto_signaltap_0 ;
; SLD_NODE_PARAMETER_ASSIGNMENT       ; SLD_ADVANCED_TRIGGER_ENTITY=basic,1,                                                                     ; --            ; --                ; auto_signaltap_0 ;
; SLD_NODE_PARAMETER_ASSIGNMENT       ; SLD_TRIGGER_LEVEL_PIPELINE=1                                                                             ; --            ; --                ; auto_signaltap_0 ;
; SLD_NODE_PARAMETER_ASSIGNMENT       ; SLD_ENABLE_ADVANCED_TRIGGER=0                                                                            ; --            ; --                ; auto_signaltap_0 ;
; SLD_NODE_PARAMETER_ASSIGNMENT       ; SLD_SEGMENT_SIZE=16384                                                                                   ; --            ; --                ; auto_signaltap_0 ;
; SLD_NODE_PARAMETER_ASSIGNMENT       ; SLD_SAMPLE_DEPTH=16384                                                                                   ; --            ; --                ; auto_signaltap_0 ;
; SLD_NODE_PARAMETER_ASSIGNMENT       ; SLD_DATA_BITS=19                                                                                         ; --            ; --                ; auto_signaltap_0 ;
; SLD_NODE_PARAMETER_ASSIGNMENT       ; SLD_TRIGGER_BITS=19                                                                                      ; --            ; --                ; auto_signaltap_0 ;
; SLD_NODE_PARAMETER_ASSIGNMENT       ; SLD_STORAGE_QUALIFIER_BITS=19                                                                            ; --            ; --                ; auto_signaltap_0 ;
; SLD_NODE_PARAMETER_ASSIGNMENT       ; SLD_INVERSION_MASK=0000000000000000000000000000000000000000000000000000000000000000000000000000000000000 ; --            ; --                ; auto_signaltap_0 ;
; SLD_NODE_PARAMETER_ASSIGNMENT       ; SLD_INVERSION_MASK_LENGTH=85                                                                             ; --            ; --                ; auto_signaltap_0 ;
; SOPCINFO_FILE                       ; IP/LO/synthesis/../../LO.sopcinfo                                                                        ; --            ; --                ; --               ;
; SOPCINFO_FILE                       ; ADCinterface_qsys/synthesis/../../ADCinterface_qsys.sopcinfo                                             ; --            ; --                ; --               ;
; SYNTHESIS_ONLY_QIP                  ; On                                                                                                       ; --            ; --                ; --               ;
; SYNTHESIS_ONLY_QIP                  ; On                                                                                                       ; --            ; --                ; --               ;
; USE_SIGNALTAP_FILE                  ; ADCinterface.stp                                                                                         ; --            ; --                ; --               ;
+-------------------------------------+----------------------------------------------------------------------------------------------------------+---------------+-------------------+------------------+


+-------------------------------------------------------------------------------------------------------------------------------+
; Flow Elapsed Time                                                                                                             ;
+---------------------------+--------------+-------------------------+---------------------+------------------------------------+
; Module Name               ; Elapsed Time ; Average Processors Used ; Peak Virtual Memory ; Total CPU Time (on all processors) ;
+---------------------------+--------------+-------------------------+---------------------+------------------------------------+
; Analysis & Synthesis      ; 00:01:14     ; 1.0                     ; 1294 MB             ; 00:02:15                           ;
; Fitter                    ; 00:02:46     ; 1.3                     ; 3211 MB             ; 00:04:03                           ;
; Assembler                 ; 00:00:11     ; 1.0                     ; 1071 MB             ; 00:00:11                           ;
; TimeQuest Timing Analyzer ; 00:01:01     ; 1.4                     ; 2324 MB             ; 00:01:24                           ;
; EDA Netlist Writer        ; 00:00:03     ; 1.0                     ; 1274 MB             ; 00:00:03                           ;
; Total                     ; 00:05:15     ; --                      ; --                  ; 00:07:56                           ;
+---------------------------+--------------+-------------------------+---------------------+------------------------------------+


+---------------------------------------------------------------------------------------------+
; Flow OS Summary                                                                             ;
+---------------------------+------------------+----------------+------------+----------------+
; Module Name               ; Machine Hostname ; OS Name        ; OS Version ; Processor type ;
+---------------------------+------------------+----------------+------------+----------------+
; Analysis & Synthesis      ; Eric-Ubuntu      ; Ubuntu 14.04.3 ; 14         ; x86_64         ;
; Fitter                    ; Eric-Ubuntu      ; Ubuntu 14.04.3 ; 14         ; x86_64         ;
; Assembler                 ; Eric-Ubuntu      ; Ubuntu 14.04.3 ; 14         ; x86_64         ;
; TimeQuest Timing Analyzer ; Eric-Ubuntu      ; Ubuntu 14.04.3 ; 14         ; x86_64         ;
; EDA Netlist Writer        ; Eric-Ubuntu      ; Ubuntu 14.04.3 ; 14         ; x86_64         ;
+---------------------------+------------------+----------------+------------+----------------+


------------
; Flow Log ;
------------
quartus_map --read_settings_files=on --write_settings_files=off ADCinterface -c top_ADCinterface
quartus_fit --read_settings_files=off --write_settings_files=off ADCinterface -c top_ADCinterface
quartus_asm --read_settings_files=off --write_settings_files=off ADCinterface -c top_ADCinterface
quartus_sta ADCinterface -c top_ADCinterface
quartus_eda --read_settings_files=off --write_settings_files=off ADCinterface -c top_ADCinterface



